C51 COMPILER V9.01   MAIN                                                                  10/16/2022 10:56:15 PAGE 1   


C51 COMPILER V9.01, COMPILATION OF MODULE MAIN
OBJECT MODULE PLACED IN main.OBJ
COMPILER INVOKED BY: C:\Keil\C51\BIN\C51.EXE main.c BROWSE DEBUG OBJECTEXTEND

line level    source

   1          /* Author : Vu Huu Bac 
   2          
   3                  Purpose : Learning C */
   4          
   5          
   6          
   7          
   8          
   9          
  10          #include <C:\110195_VuHuuBac\lib\main.h>
  11          
  12          
  13          int d;
  14          
  15          
  16          
  17          
  18          void tang ();
  19          void giam();
  20          void maquet(unsigned char n);
  21          
  22          
  23          void main ()
  24          {
  25   1                        d =0;
  26   1                        hienthi(d);
  27   1      
  28   1                        while (1){
  29   2                              hienthi(d);
  30   2                              tang();
  31   2                              giam();
  32   2                        }
  33   1                      
  34   1                       }
  35          
  36          
  37          
  38          
  39          void tang(){
  40   1              if(a == 0)
  41   1              {
  42   2                 while (a ==0) hienthi(d);
  43   2                 d++;
  44   2      
  45   2                 if (d >9999) d =9999;
  46   2                 hienthi(d);
  47   2              
  48   2              }
  49   1      
  50   1               
  51   1              
  52   1      }
  53          void giam(){
  54   1                      if(a == 0)
  55   1              {
C51 COMPILER V9.01   MAIN                                                                  10/16/2022 10:56:15 PAGE 2   

  56   2                 while (b ==0) hienthi(d);
  57   2                 d--;
  58   2      
  59   2                 if (d <0) d =9999;
  60   2                 hienthi(d);
  61   2              
  62   2              }
  63   1      
  64   1                       }
  65          
  66          


MODULE INFORMATION:   STATIC OVERLAYABLE
   CODE SIZE        =    157    ----
   CONSTANT SIZE    =   ----    ----
   XDATA SIZE       =   ----    ----
   PDATA SIZE       =   ----    ----
   DATA SIZE        =      2    ----
   IDATA SIZE       =   ----    ----
   BIT SIZE         =   ----    ----
END OF MODULE INFORMATION.


C51 COMPILATION COMPLETE.  0 WARNING(S),  0 ERROR(S)
