C51 COMPILER V9.01   MAIN                                                                  10/13/2022 15:02:31 PAGE 1   


C51 COMPILER V9.01, COMPILATION OF MODULE MAIN
OBJECT MODULE PLACED IN main.OBJ
COMPILER INVOKED BY: C:\Keil\C51\BIN\C51.EXE main.c BROWSE DEBUG OBJECTEXTEND

line level    source

   1          //hien thi tu 0 - 9
   2                   /*Author : Vu Huu Bac 
   3                     purpose : learn code led 7 segment anode 
   4                   */
   5          #include <regx51.h>
   6          #include "..\110195_VuHuuBac\delay.h" //duong dan tuong doi 
   7          sfr led7 =0x80;
   8          
   9                  void main (void){
  10   1                        unsigned char ar[10]={0x01,0x4f,0x12,0x6,0x4C,0x24,0x20,0x0F,0x00,0x04};
  11   1                        char i;
  12   1              while (1){
  13   2                              for (i =0 ;i <10;i++){
  14   3                                 led7=ar[i];
  15   3                                 delay_ms(300);
  16   3                              
  17   3                              }
  18   2                      }
  19   1      
  20   1              }


MODULE INFORMATION:   STATIC OVERLAYABLE
   CODE SIZE        =     50    ----
   CONSTANT SIZE    =     10    ----
   XDATA SIZE       =   ----    ----
   PDATA SIZE       =   ----    ----
   DATA SIZE        =   ----      11
   IDATA SIZE       =   ----    ----
   BIT SIZE         =   ----    ----
END OF MODULE INFORMATION.


C51 COMPILATION COMPLETE.  0 WARNING(S),  0 ERROR(S)
