C51 COMPILER V9.01   CACULATE_ROW                                                          10/21/2022 22:56:15 PAGE 1   


C51 COMPILER V9.01, COMPILATION OF MODULE CACULATE_ROW
OBJECT MODULE PLACED IN .\caculate_row.obj
COMPILER INVOKED BY: D:\C51\BIN\C51.EXE ..\PJ4\caculate_row.c BROWSE DEBUG OBJECTEXTEND PRINT(.\caculate_row.lst) OBJECT
                    -(.\caculate_row.obj)

line level    source

   1           /* Author :Vu Huu bac
   2                  Purpose: Learning C */
   3          
   4          
   5          #include <C:\Users\taikh\Desktop\110195_VuHuuBac\lib\main.h>
   6          
   7          void LCDgoto (unsigned char x, unsigned char y );
   8          void LCDbusy ();
   9          void LCDCommand(unsigned char a);
  10          void LCDwrite (unsigned char a);
  11          void LCD_init();
  12          void LCD_String(unsigned char *str);
  13          void LCD_String_xy(char row, char pos, char *str);
  14          void LCDwrites (unsigned char *p);         
  15                                                                                                   
  16           // di den vi tri tren lcd 
  17          
  18          
  19          // function clear the lcd
  20          
  21          
  22          void LCDbusy(){
  23   1      
  24   1              LCD1602_RS =0;
  25   1              LCD1602_RW = 1;
  26   1              LCD1602_BF =1;
  27   1              while (LCD1602_BF){
  28   2                      LCD1602_E =0;
  29   2                      LCD1602_E =1;
  30   2                      
  31   2              }
  32   1      
  33   1      }
  34          void LCDcommand(unsigned char a ){
  35   1      
  36   1      
  37   1              LCD1602_RS =0;
  38   1              LCD1602_RW =0;
  39   1              LCD1602_data = a;
  40   1      
  41   1      
  42   1              LCD1602_E = 1;
  43   1      
  44   1              LCD1602_E =0;
  45   1              LCDbusy();
  46   1      
  47   1      
  48   1      
  49   1      
  50   1      }
  51          void LCDwrites (unsigned char *p){
  52   1                        unsigned char d, len ;
  53   1                        len = strlen(p);
  54   1                        for (d =0;d<len;d++)
C51 COMPILER V9.01   CACULATE_ROW                                                          10/21/2022 22:56:15 PAGE 2   

  55   1                        LCDwrite(*(p+d));
  56   1      
  57   1      }
  58          void LCDgoto(unsigned char x, unsigned char y )
  59          
  60          {
  61   1      
  62   1      
  63   1              if (x==1) LCDcommand(0x80 + y -1);
  64   1              if (x==2) LCDcommand(0xc0 + y -1);
  65   1      }
  66          void LCD_clear (){
  67   1      
  68   1      
  69   1              LCDcommand(0x01);
  70   1      
  71   1      }
  72          
  73          void LCDwrite (unsigned char a){
  74   1      
  75   1              LCD1602_RS =1;
  76   1              LCD1602_RW = 0;
  77   1              LCD1602_data = a;
  78   1              LCD1602_E =1;
  79   1              LCD1602_E =0;
  80   1              LCDbusy();
  81   1              
  82   1      }
  83          void LCD_init(){
  84   1              
  85   1              LCDcommand (0x38);      
  86   1              LCDcommand (0x0C);              
  87   1              LCDcommand (0x01);      /* clear display */
  88   1              LCDcommand (0x80);
  89   1      
  90   1      
  91   1      }
  92          void LCD_String(unsigned char *str){
  93   1      
  94   1              int i;
  95   1              for(i=0;str[i]!=0;i++)  
  96   1              {
  97   2                      LCDwrite (str[i]);  
  98   2              }
  99   1      }
 100          
 101          
 102          void LCD_String_xy (char row, char pos, char *str)  
 103          {
 104   1              if (row == 0)
 105   1              LCDCommand((pos & 0x0F)|0x80);
 106   1              else if (row == 1)
 107   1              LCDCommand((pos & 0x0F)|0xC0);
 108   1              LCD_String(str);        
 109   1      }
 110          void lcd(unsigned char str1[10]) 
 111          {
 112   1      LCDcommand(0x38); 
 113   1      LCDcommand(0x0e); 
 114   1      delay_ms();
*** WARNING C209 IN LINE 114 OF ..\PJ4\CACULATE_ROW.C: '_delay_ms': too few actual parameters
 115   1      LCDwrites(str1);
C51 COMPILER V9.01   CACULATE_ROW                                                          10/21/2022 22:56:15 PAGE 3   

 116   1      }


MODULE INFORMATION:   STATIC OVERLAYABLE
   CODE SIZE        =    245    ----
   CONSTANT SIZE    =   ----    ----
   XDATA SIZE       =   ----    ----
   PDATA SIZE       =   ----    ----
   DATA SIZE        =   ----      16
   IDATA SIZE       =   ----    ----
   BIT SIZE         =   ----    ----
END OF MODULE INFORMATION.


C51 COMPILATION COMPLETE.  1 WARNING(S),  0 ERROR(S)
