C51 COMPILER V9.01   MAIN                                                                  10/21/2022 22:56:05 PAGE 1   


C51 COMPILER V9.01, COMPILATION OF MODULE MAIN
OBJECT MODULE PLACED IN main.OBJ
COMPILER INVOKED BY: D:\C51\BIN\C51.EXE main.c BROWSE DEBUG OBJECTEXTEND

line level    source

   1          #include <C:\Users\taikh\Desktop\110195_VuHuuBac\lib\main.h>
   2          
   3          
   4          void set_Timer ();
   5          void timer();
   6          void clock_Setup();
   7          void run_clock();
   8          
   9          int h,m ,s;
  10          int i;
  11          
  12          void main(){
  13   1      
  14   1                        h = 1;m = 28 ;s =00;
  15   1                        LCD_init();
  16   1                        timer();
  17   1                        set_Timer();
  18   1      
  19   1      
  20   1      }
  21          void set_Timer ()
  22          
  23          {
  24   1              TMOD =0x01; //  chon timer 0 che do 1
  25   1              TH0 = 0x3C;
  26   1              TL0 = 0xB0;
  27   1              EA = 1; //cho phesp ngat 
  28   1              ET0 = 1;   //Cho phep ngat timer0
  29   1              TR0 = 1;  //cho phep tran 
  30   1      
  31   1      }
  32          
  33          void timer() interrupt 1 {
  34   1      
  35   1      
  36   1              TF0 =0; 
  37   1              TH0 =0x3C;
  38   1              TL0 =0xB0;
  39   1              i++;            
  40   1      
  41   1              if (i == 20){
  42   2                       i =0;
  43   2                              s++;
  44   2                                      if (s == 60){
  45   3                                                      s = 0;
  46   3                                                      m++;
  47   3                                                              if (m ==60){
  48   4                                                                      m = 0;
  49   4                                                                      h++;
  50   4                                                                              if (h ==24 ) h = 0;                                             
  51   4                                                      }
  52   3                                      }
  53   2                      }
  54   1              clock_Setup();
  55   1              }
C51 COMPILER V9.01   MAIN                                                                  10/21/2022 22:56:05 PAGE 2   

  56                    
  57          void clock_Setup(){
  58   1                      
  59   1                      unsigned char a[16];
  60   1      
  61   1                      LCDgoto(1,1);
  62   1                      sprintf(a,"\tDONG HO SO");
  63   1                      LCDwrites(a);
  64   1                      sprintf(a,"%d : %d : %d",h,m,s);
  65   1                      LCDgoto(2,2);
  66   1                      LCDwrites(a);
  67   1      
  68   1      }


MODULE INFORMATION:   STATIC OVERLAYABLE
   CODE SIZE        =    267    ----
   CONSTANT SIZE    =     25    ----
   XDATA SIZE       =   ----    ----
   PDATA SIZE       =   ----    ----
   DATA SIZE        =      8      16
   IDATA SIZE       =   ----    ----
   BIT SIZE         =   ----    ----
END OF MODULE INFORMATION.


C51 COMPILATION COMPLETE.  0 WARNING(S),  0 ERROR(S)
